#
# There is insufficient memory for the Java Runtime Environment to continue.
# Native memory allocation (mmap) failed to map 132120576 bytes for G1 virtual space
# Possible reasons:
#   The system is out of physical RAM or swap space
#   The process is running with CompressedOops enabled, and the Java Heap may be blocking the growth of the native heap
# Possible solutions:
#   Reduce memory load on the system
#   Increase physical memory or swap space
#   Check if swap backing store is full
#   Decrease Java heap size (-Xmx/-Xms)
#   Decrease number of Java threads
#   Decrease Java thread stack sizes (-Xss)
#   Set larger code cache with -XX:ReservedCodeCacheSize=
#   JVM is running with Unscaled Compressed Oops mode in which the Java heap is
#     placed in the first 4GB address space. The Java Heap base address is the
#     maximum limit for the native heap growth. Please use -XX:HeapBaseMinAddress
#     to set the Java Heap base and to place the Java Heap above 4GB virtual address.
# This output file may be truncated or incomplete.
#
#  Out of Memory Error (os_windows.cpp:3530), pid=3356, tid=8768
#
# JRE version:  (18.0+36) (build )
# Java VM: OpenJDK 64-Bit Server VM (18+36-2087, mixed mode, emulated-client, sharing, tiered, compressed oops, compressed class ptrs, g1 gc, windows-amd64)
# No core dump will be written. Minidumps are not enabled by default on client versions of Windows
#

---------------  S U M M A R Y ------------

Command Line: -XX:TieredStopAtLevel=1 -Xverify:none -Dspring.output.ansi.enabled=always -Dcom.sun.management.jmxremote -Dspring.jmx.enabled=true -Dspring.liveBeansView.mbeanDomain -Dspring.application.admin.enabled=true -javaagent:C:\Users\User\AppData\Local\JetBrains\IntelliJ IDEA 2022.1\lib\idea_rt.jar=59551:C:\Users\User\AppData\Local\JetBrains\IntelliJ IDEA 2022.1\bin -Dfile.encoding=UTF-8 own.halone.imageboard.ImageBoardApplication

Host: Intel(R) Xeon(R) CPU E5-2620 v3 @ 2.40GHz, 12 cores, 7G,  Windows 10 , 64 bit Build 19041 (10.0.19041.1503)
Time: Sun Apr 17 19:55:16 2022 RTZ 2 (s 10 , 64 bit Build 19041 (10.0.19041.1503) elapsed time: 0.015419 seconds (0d 0h 0m 0s)

---------------  T H R E A D  ---------------

Current thread (0x000002659bc66230):  JavaThread "Unknown thread" [_thread_in_vm, id=8768, stack(0x000000e334b00000,0x000000e334c00000)]

Stack: [0x000000e334b00000,0x000000e334c00000]
Native frames: (J=compiled Java code, j=interpreted, Vv=VM code, C=native code)
V  [jvm.dll+0x69804a]
V  [jvm.dll+0x7f308d]
V  [jvm.dll+0x7f499e]
V  [jvm.dll+0x7f5053]
V  [jvm.dll+0x25ca3f]
V  [jvm.dll+0x694f99]
V  [jvm.dll+0x689aca]
V  [jvm.dll+0x321efb]
V  [jvm.dll+0x3298d6]
V  [jvm.dll+0x37e47e]
V  [jvm.dll+0x37e6af]
V  [jvm.dll+0x2f9c7a]
V  [jvm.dll+0x2facdd]
V  [jvm.dll+0x7c1cc0]
V  [jvm.dll+0x38b801]
V  [jvm.dll+0x7a09d3]
V  [jvm.dll+0x40d6bf]
V  [jvm.dll+0x40f091]
C  [jli.dll+0x526b]
C  [ucrtbase.dll+0x21bb2]
C  [KERNEL32.DLL+0x17034]
C  [ntdll.dll+0x52651]


---------------  P R O C E S S  ---------------

Threads class SMR info:
_java_thread_list=0x00007ffa7f20e550, length=0, elements={
}

Java Threads: ( => current thread )

Other Threads:
  0x000002659bcc55f0 WorkerThread "GC Thread#0" [stack: 0x000000e334c00000,0x000000e334d00000] [id=9540]
  0x000002659bcd6f80 ConcurrentGCThread "G1 Main Marker" [stack: 0x000000e334d00000,0x000000e334e00000] [id=4452]
  0x000002659bcd8020 WorkerThread "G1 Conc#0" [stack: 0x000000e334e00000,0x000000e334f00000] [id=6744]

[error occurred during error reporting (printing all threads), id 0xc0000005, EXCEPTION_ACCESS_VIOLATION (0xc0000005) at pc=0x00007ffa7ea3a217]

VM state: not at safepoint (not fully initialized)

VM Mutex/Monitor currently owned by a thread:  ([mutex/lock_event])
[0x000002659bc61e80] Heap_lock - owner thread: 0x000002659bc66230

Heap address: 0x0000000082600000, size: 2010 MB, Compressed Oops mode: 32-bit

CDS archive(s) mapped at: [0x0000000000000000-0x0000000000000000-0x0000000000000000), size 0, SharedBaseAddress: 0x0000000800000000, ArchiveRelocationMode: 0.
Narrow klass base: 0x0000000000000000, Narrow klass shift: 0, Narrow klass range: 0x0

GC Precious Log:
 CardTable entry size: 512
 Card Set container configuration: InlinePtr #cards 5 size 8 Array Of Cards #cards 12 size 40 Howl #buckets 4 coarsen threshold 1843 Howl Bitmap #cards 512 size 80 coarsen threshold 460 Card regions per heap region 1 cards per card region 2048

Heap:
 garbage-first heap   total 0K, used 0K [0x0000000082600000, 0x0000000100000000)
  region size 1024K, 0 young (0K), 0 survivors (0K)

[error occurred during error reporting (printing heap information), id 0xc0000005, EXCEPTION_ACCESS_VIOLATION (0xc0000005) at pc=0x00007ffa7ee20489]

GC Heap History (0 events):
No events

Deoptimization events (0 events):
No events

Classes loaded (0 events):
No events

Classes unloaded (0 events):
No events

Classes redefined (0 events):
No events

Internal exceptions (0 events):
No events

VM Operations (0 events):
No events

Events (1 events):
Event: 0.011 Loaded shared library C:\Users\User\.jdks\openjdk-18\bin\java.dll


Dynamic libraries:
0x00007ff7bebf0000 - 0x00007ff7bebfe000 	C:\Users\User\.jdks\openjdk-18\bin\java.exe
0x00007ffaceff0000 - 0x00007ffacf1e5000 	C:\windows\SYSTEM32\ntdll.dll
0x00007ffacdbb0000 - 0x00007ffacdc6e000 	C:\windows\System32\KERNEL32.DLL
0x00007ffacc860000 - 0x00007ffaccb28000 	C:\windows\System32\KERNELBASE.dll
0x00007ffacce80000 - 0x00007ffaccf80000 	C:\windows\System32\ucrtbase.dll
0x00007ffab5860000 - 0x00007ffab587a000 	C:\Users\User\.jdks\openjdk-18\bin\VCRUNTIME140.dll
0x00007ffabdda0000 - 0x00007ffabddb7000 	C:\Users\User\.jdks\openjdk-18\bin\jli.dll
0x00007ffacde30000 - 0x00007ffacdfd0000 	C:\windows\System32\USER32.dll
0x00007ffaccc90000 - 0x00007ffacccb2000 	C:\windows\System32\win32u.dll
0x00007ffac1a40000 - 0x00007ffac1cda000 	C:\windows\WinSxS\amd64_microsoft.windows.common-controls_6595b64144ccf1df_6.0.19041.1110_none_60b5254171f9507e\COMCTL32.dll
0x00007ffacd220000 - 0x00007ffacd24b000 	C:\windows\System32\GDI32.dll
0x00007ffacebd0000 - 0x00007ffacec6e000 	C:\windows\System32\msvcrt.dll
0x00007ffaccd70000 - 0x00007ffacce7d000 	C:\windows\System32\gdi32full.dll
0x00007ffaccbf0000 - 0x00007ffaccc8d000 	C:\windows\System32\msvcp_win.dll
0x00007ffaceba0000 - 0x00007ffacebd0000 	C:\windows\System32\IMM32.DLL
0x00007ffabf8b0000 - 0x00007ffabf8bc000 	C:\Users\User\.jdks\openjdk-18\bin\vcruntime140_1.dll
0x00007ffa9edd0000 - 0x00007ffa9ee5d000 	C:\Users\User\.jdks\openjdk-18\bin\msvcp140.dll
0x00007ffa7e730000 - 0x00007ffa7f341000 	C:\Users\User\.jdks\openjdk-18\bin\server\jvm.dll
0x00007ffaceac0000 - 0x00007ffaceb6e000 	C:\windows\System32\ADVAPI32.dll
0x00007ffacdd20000 - 0x00007ffacddbc000 	C:\windows\System32\sechost.dll
0x00007fface120000 - 0x00007fface245000 	C:\windows\System32\RPCRT4.dll
0x00007ffaceb70000 - 0x00007ffaceb78000 	C:\windows\System32\PSAPI.DLL
0x00007ffabe820000 - 0x00007ffabe829000 	C:\windows\SYSTEM32\WSOCK32.dll
0x00007ffabd460000 - 0x00007ffabd487000 	C:\windows\SYSTEM32\WINMM.dll
0x00007ffacdfd0000 - 0x00007fface03b000 	C:\windows\System32\WS2_32.dll
0x00007ffac6db0000 - 0x00007ffac6dba000 	C:\windows\SYSTEM32\VERSION.dll
0x00007ffaca610000 - 0x00007ffaca622000 	C:\windows\SYSTEM32\kernel.appcore.dll
0x00007ffabd600000 - 0x00007ffabd60a000 	C:\Users\User\.jdks\openjdk-18\bin\jimage.dll
0x00007ffab6620000 - 0x00007ffab6804000 	C:\windows\SYSTEM32\DBGHELP.DLL
0x00007ffab69e0000 - 0x00007ffab6a0c000 	C:\windows\SYSTEM32\dbgcore.DLL
0x00007ffaccb30000 - 0x00007ffaccbb2000 	C:\windows\System32\bcryptPrimitives.dll
0x00007ffab25a0000 - 0x00007ffab25ae000 	C:\Users\User\.jdks\openjdk-18\bin\instrument.dll
0x00007ffab4070000 - 0x00007ffab4095000 	C:\Users\User\.jdks\openjdk-18\bin\java.dll

dbghelp: loaded successfully - version: 4.0.5 - missing functions: none
symbol engine: initialized successfully - sym options: 0x614 - pdb path: .;C:\Users\User\.jdks\openjdk-18\bin;C:\windows\SYSTEM32;C:\windows\WinSxS\amd64_microsoft.windows.common-controls_6595b64144ccf1df_6.0.19041.1110_none_60b5254171f9507e;C:\Users\User\.jdks\openjdk-18\bin\server

VM Arguments:
jvm_args: -XX:TieredStopAtLevel=1 -Xverify:none -Dspring.output.ansi.enabled=always -Dcom.sun.management.jmxremote -Dspring.jmx.enabled=true -Dspring.liveBeansView.mbeanDomain -Dspring.application.admin.enabled=true -javaagent:C:\Users\User\AppData\Local\JetBrains\IntelliJ IDEA 2022.1\lib\idea_rt.jar=59551:C:\Users\User\AppData\Local\JetBrains\IntelliJ IDEA 2022.1\bin -Dfile.encoding=UTF-8 
java_command: own.halone.imageboard.ImageBoardApplication
java_class_path (initial): C:\Users\User\IdeaProjects\ImageBoard\target\classes;C:\Users\User\.m2\repository\org\springframework\boot\spring-boot-starter-data-jpa\2.6.6\spring-boot-starter-data-jpa-2.6.6.jar;C:\Users\User\.m2\repository\org\springframework\boot\spring-boot-starter-aop\2.6.6\spring-boot-starter-aop-2.6.6.jar;C:\Users\User\.m2\repository\org\aspectj\aspectjweaver\1.9.7\aspectjweaver-1.9.7.jar;C:\Users\User\.m2\repository\jakarta\transaction\jakarta.transaction-api\1.3.3\jakarta.transaction-api-1.3.3.jar;C:\Users\User\.m2\repository\jakarta\persistence\jakarta.persistence-api\2.2.3\jakarta.persistence-api-2.2.3.jar;C:\Users\User\.m2\repository\org\hibernate\hibernate-core\5.6.7.Final\hibernate-core-5.6.7.Final.jar;C:\Users\User\.m2\repository\org\jboss\logging\jboss-logging\3.4.3.Final\jboss-logging-3.4.3.Final.jar;C:\Users\User\.m2\repository\net\bytebuddy\byte-buddy\1.11.22\byte-buddy-1.11.22.jar;C:\Users\User\.m2\repository\antlr\antlr\2.7.7\antlr-2.7.7.jar;C:\Users\User\.m2\repository\org\jboss\jandex\2.4.2.Final\jandex-2.4.2.Final.jar;C:\Users\User\.m2\repository\com\fasterxml\classmate\1.5.1\classmate-1.5.1.jar;C:\Users\User\.m2\repository\org\hibernate\common\hibernate-commons-annotations\5.1.2.Final\hibernate-commons-annotations-5.1.2.Final.jar;C:\Users\User\.m2\repository\org\glassfish\jaxb\jaxb-runtime\2.3.6\jaxb-runtime-2.3.6.jar;C:\Users\User\.m2\repository\org\glassfish\jaxb\txw2\2.3.6\txw2-2.3.6.jar;C:\Users\User\.m2\repository\com\sun\istack\istack-commons-runtime\3.0.12\istack-commons-runtime-3.0.12.jar;C:\Users\User\.m2\repository\com\sun\activation\jakarta.activation\1.2.2\jakarta.activation-1.2.2.jar;C:\Users\User\.m2\repository\org\springframework\data\spring-data-jpa\2.6.3\spring-data-jpa-2.6.3.jar;C:\Users\User\.m2\repository\org\springframework\data\spring-data-commons\2.6.3\spring-data-commons-2.6.3.jar;C:\Users\User\.m2\repository\org\springframework\spring-orm\5.3.18\spring-orm-5.3.18.jar;C:\Users\User\.m2\repository\org\springframework\spring-context\5.3.18\spring-context-5.3.18.jar;C:\Users\User\.m2\repository\org\springframework\spring-tx\5.3.18\spring-tx-5.3.18.jar;C:\Users\User\.m2\repository\org\springframework\spring-beans\5.3.18\spring-beans-5.3.18.jar;C:\Users\User\.m2\repository\org\springframework\spring-aspects\5.3.18\spring-aspects-5.3.18.jar;C:\Users\User\.m2\repository\org\springframework\boot\spring-boot-starter-jdbc\2.6.6\spring-boot-starter-jdbc-2.6.6.jar;C:\Users\User\.m2\repository\org\springframework\boot\spring-boot-starter\2.6.6\spring-boot-starter-2.6.6.jar;C:\Users\User\.m2\repository\org\springframework\boot\spring-boot-starter-logging\2.6.6\spring-boot-starter-logging-2.6.6.jar;C:\Users\User\.m2\repository\ch\qos\logback\logback-classic\1.2.11\logback-classic-1.2.11.jar;C:\Users\User\.m2\repository\ch\qos\logback\logback-core\1.2.11\logback-core-1.2.11.jar;C:\Users\User\.m2\repository\org\apache\logging\log4j\log4j-to-slf4j\2.17.2\log4j-to-slf4j-2.17.2.jar;C:\Users\User\.m2\repository\org\apache\logging\log4j\log4j-api\2.17.2\log4j-api-2.17.2.jar;C:\Users\User\.m2\repository\org\slf4j\jul-to-slf4j\1.7.36\jul-to-slf4j-1.7.36.jar;C:\Users\User\.m2\repository\jakarta\annotation\jakarta.annotation-api\1.3.5\jakarta.annotation-api-1.3.5.jar;C:\Users\User\.m2\repository\org\yaml\snakeyaml\1.29\snakeyaml-1.29.jar;C:\Users\User\.m2\repository\com\zaxxer\HikariCP\4.0.3\HikariCP-4.0.3.jar;C:\Users\User\.m2\repository\org\springframework\spring-jdbc\5.3.18\spring-jdbc-5.3.18.jar;C:\Users\User\.m2\repository\org\springframework\boot\spring-boot-starter-security\2.6.6\spring-boot-starter-security-2.6.6.jar;C:\Users\User\.m2\repository\org\springframework\spring-aop\5.3.18\spring-aop-5.3.18.jar;C:\Users\User\.m2\repository\org\springframework\security\spring-security-config\5.6.2\spring-security-config-5.6.2.jar;C:\Users\User\.m2\repository\org\springframework\security\spring-security-web\5.6.2\spring-security-web-5.6.2.jar;C:\Users\User\.m2\repository\org\springframework\spring-expression\5.3.18\spring-expression-5.3.18.jar;C:\Users\User\.m2\repository\org\springframework\boot\spring-boot-starter-thymeleaf\2.6.6\spring-boot-starter-thymeleaf-2.6.6.jar;C:\Users\User\.m2\repository\org\thymeleaf\thymeleaf-spring5\3.0.15.RELEASE\thymeleaf-spring5-3.0.15.RELEASE.jar;C:\Users\User\.m2\repository\org\thymeleaf\thymeleaf\3.0.15.RELEASE\thymeleaf-3.0.15.RELEASE.jar;C:\Users\User\.m2\repository\org\attoparser\attoparser\2.0.5.RELEASE\attoparser-2.0.5.RELEASE.jar;C:\Users\User\.m2\repository\org\unbescape\unbescape\1.1.6.RELEASE\unbescape-1.1.6.RELEASE.jar;C:\Users\User\.m2\repository\org\thymeleaf\extras\thymeleaf-extras-java8time\3.0.4.RELEASE\thymeleaf-extras-java8time-3.0.4.RELEASE.jar;C:\Users\User\.m2\repository\org\springframework\boot\spring-boot-starter-web\2.6.6\spring-boot-starter-web-2.6.6.jar;C:\Users\User\.m2\repository\org\springframework\boot\spring-boot-starter-json\2.6.6\spring-boot-starter-json-2.6.6.jar;C:\Users\User\.m2\repository\com\fasterxml\jackson\core\jackson-databind\2.13.2.2\jackson-databind-2.13.2.2.jar;C:\Users\User\.m2\repository\com\fasterxml\jackson\core\jackson-annotations\2.13.2\jackson-annotations-2.13.2.jar;C:\Users\User\.m2\repository\com\fasterxml\jackson\core\jackson-core\2.13.2\jackson-core-2.13.2.jar;C:\Users\User\.m2\repository\com\fasterxml\jackson\datatype\jackson-datatype-jdk8\2.13.2\jackson-datatype-jdk8-2.13.2.jar;C:\Users\User\.m2\repository\com\fasterxml\jackson\datatype\jackson-datatype-jsr310\2.13.2\jackson-datatype-jsr310-2.13.2.jar;C:\Users\User\.m2\repository\com\fasterxml\jackson\module\jackson-module-parameter-names\2.13.2\jackson-module-parameter-names-2.13.2.jar;C:\Users\User\.m2\repository\org\springframework\boot\spring-boot-starter-tomcat\2.6.6\spring-boot-starter-tomcat-2.6.6.jar;C:\Users\User\.m2\repository\org\apache\tomcat\embed\tomcat-embed-core\9.0.60\tomcat-embed-core-9.0.60.jar;C:\Users\User\.m2\repository\org\apache\tomcat\embed\tomcat-embed-el\9.0.60\tomcat-embed-el-9.0.60.jar;C:\Users\User\.m2\repository\org\apache\tomcat\embed\tomcat-embed-websocket\9.0.60\tomcat-embed-websocket-9.0.60.jar;C:\Users\User\.m2\repository\org\springframework\spring-web\5.3.18\spring-web-5.3.18.jar;C:\Users\User\.m2\repository\org\springframework\spring-webmvc\5.3.18\spring-webmvc-5.3.18.jar;C:\Users\User\.m2\repository\com\vaadin\vaadin-spring-boot-starter\23.0.6\vaadin-spring-boot-starter-23.0.6.jar;C:\Users\User\.m2\repository\com\vaadin\vaadin-spring\23.0.4\vaadin-spring-23.0.4.jar;C:\Users\User\.m2\repository\com\vaadin\flow-server\23.0.4\flow-server-23.0.4.jar;C:\Users\User\.m2\repository\javax\annotation\javax.annotation-api\1.3.2\javax.annotation-api-1.3.2.jar;C:\Users\User\.m2\repository\com\vaadin\external\gwt\gwt-elemental\2.8.2.vaadin2\gwt-elemental-2.8.2.vaadin2.jar;C:\Users\User\.m2\repository\commons-fileupload\commons-fileupload\1.3.3\commons-fileupload-1.3.3.jar;C:\Users\User\.m2\repository\commons-io\commons-io\2.11.0\commons-io-2.11.0.jar;C:\Users\User\.m2\repository\org\jsoup\jsoup\1.14.3\jsoup-1.14.3.jar;C:\Users\User\.m2\repository\com\helger\ph-css\6.5.0\ph-css-6.5.0.jar;C:\Users\User\.m2\repository\com\helger\commons\ph-commons\10.1.6\ph-commons-10.1.6.jar;C:\Users\User\.m2\repository\com\google\code\findbugs\jsr305\3.0.2\jsr305-3.0.2.jar;C:\Users\User\.m2\repository\com\vaadin\external\gentyref\1.2.0.vaadin1\gentyref-1.2.0.vaadin1.jar;C:\Users\User\.m2\repository\org\apache\commons\commons-compress\1.21\commons-compress-1.21.jar;C:\Users\User\.m2\repository\org\apache\httpcomponents\httpclient\4.5.13\httpclient-4.5.13.jar;C:\Users\User\.m2\repository\org\apache\httpcomponents\httpcore\4.4.15\httpcore-4.4.15.jar;C:\Users\User\.m2\repository\commons-codec\commons-codec\1.15\commons-codec-1.15.jar;C:\Users\User\.m2\repository\com\vaadin\flow-push\23.0.4\flow-push-23.0.4.jar;C:\Users\User\.m2\repository\com\vaadin\external\atmosphere\atmosphere-runtime\2.7.3.slf4jvaadin4\atmosphere-runtime-2.7.3.slf4jvaadin4.jar;C:\Users\User\.m2\repository\com\vaadin\flow-client\23.0.4\flow-client-23.0.4.jar;C:\Users\User\.m2\repository\org\springframework\spring-websocket\5.3.18\spring-websocket-5.3.18.jar;C:\Users\User\.m2\repository\org\hibernate\validator\hibernate-validator\6.2.3.Final\hibernate-validator-6.2.3.Final.jar;C:\Users\User\.m2\repository\jakarta\validation\jakarta.validation-api\2.0.2\jakarta.validation-api-2.0.2.jar;C:\Users\User\.m2\repository\com\vaadin\vaadin-core\23.0.6\vaadin-core-23.0.6.jar;C:\Users\User\.m2\repository\com\vaadin\vaadin-dev-server\23.0.4\vaadin-dev-server-23.0.4.jar;C:\Users\User\.m2\repository\com\vaadin\flow-lit-template\23.0.4\flow-lit-template-23.0.4.jar;C:\Users\User\.m2\repository\com\vaadin\flow-polymer-template\23.0.4\flow-polymer-template-23.0.4.jar;C:\Users\User\.m2\repository\com\vaadin\flow-html-components\23.0.4\flow-html-components-23.0.4.jar;C:\Users\User\.m2\repository\com\vaadin\flow-data\23.0.4\flow-data-23.0.4.jar;C:\Users\User\.m2\repository\javax\validation\validation-api\2.0.1.Final\validation-api-2.0.1.Final.jar;C:\Users\User\.m2\repository\com\vaadin\flow-dnd\23.0.4\flow-dnd-23.0.4.jar;C:\Users\User\.m2\repository\org\webjars\npm\vaadin__vaadin-mobile-drag-drop\1.0.1\vaadin__vaadin-mobile-drag-drop-1.0.1.jar;C:\Users\User\.m2\repository\org\webjars\npm\mobile-drag-drop\2.3.0-rc.2\mobile-drag-drop-2.3.0-rc.2.jar;C:\Users\User\.m2\repository\com\vaadin\vaadin-lumo-theme\23.0.6\vaadin-lumo-theme-23.0.6.jar;C:\Users\User\.m2\repository\com\vaadin\vaadin-material-theme\23.0.6\vaadin-material-theme-23.0.6.jar;C:\Users\User\.m2\repository\com\vaadin\vaadin-accordion-flow\23.0.6\vaadin-accordion-flow-23.0.6.jar;C:\Users\User\.m2\repository\com\vaadin\vaadin-avatar-flow\23.0.6\vaadin-avatar-flow-23.0.6.jar;C:\Users\User\.m2\repository\com\vaadin\vaadin-button-flow\23.0.6\vaadin-button-flow-23.0.6.jar;C:\Users\User\.m2\repository\com\vaadin\vaadin-checkbox-flow\23.0.6\vaadin-checkbox-flow-23.0.6.jar;C:\Users\User\.m2\repository\com\vaadin\vaadin-combo-box-flow\23.0.6\vaadin-combo-box-flow-23.0.6.jar;C:\Users\User\.m2\repository\com\vaadin\vaadin-custom-field-flow\23.0.6\vaadin-custom-field-flow-23.0.6.jar;C:\Users\User\.m2\repository\com\vaadin\vaadin-date-picker-flow\23.0.6\vaadin-date-picker-flow-23.0.6.jar;C:\Users\User\.m2\repository\com\vaadin\vaadin-date-time-picker-flow\23.0.6\vaadin-date-time-picker-flow-23.0.6.jar;C:\Users\User\.m2\repository\com\vaadin\vaadin-details-flow\23.0.6\vaadin-details-flow-23.0.6.jar;C:\Users\User\.m2\repository\com\vaadin\vaadin-time-picker-flow\23.0.6\vaadin-time-picker-flow-23.0.6.jar;C:\Users\User\.m2\repository\com\vaadin\vaadin-select-flow\23.0.6\vaadin-select-flow-23.0.6.jar;C:\Users\User\.m2\repository\com\vaadin\vaadin-dialog-flow\23.0.6\vaadin-dialog-flow-23.0.6.jar;C:\Users\User\.m2\repository\com\vaadin\vaadin-form-layout-flow\23.0.6\vaadin-form-layout-flow-23.0.6.jar;C:\Users\User\.m2\repository\com\vaadin\vaadin-grid-flow\23.0.6\vaadin-grid-flow-23.0.6.jar;C:\Users\User\.m2\repository\org\apache\commons\commons-lang3\3.12.0\commons-lang3-3.12.0.jar;C:\Users\User\.m2\repository\com\vaadin\vaadin-icons-flow\23.0.6\vaadin-icons-flow-23.0.6.jar;C:\Users\User\.m2\repository\com\vaadin\vaadin-iron-list-flow\23.0.6\vaadin-iron-list-flow-23.0.6.jar;C:\Users\User\.m2\repository\com\vaadin\vaadin-virtual-list-flow\23.0.6\vaadin-virtual-list-flow-23.0.6.jar;C:\Users\User\.m2\repository\com\vaadin\vaadin-list-box-flow\23.0.6\vaadin-list-box-flow-23.0.6.jar;C:\Users\User\.m2\repository\com\vaadin\vaadin-login-flow\23.0.6\vaadin-login-flow-23.0.6.jar;C:\Users\User\.m2\repository\com\vaadin\vaadin-messages-flow\23.0.6\vaadin-messages-flow-23.0.6.jar;C:\Users\User\.m2\repository\com\vaadin\vaadin-ordered-layout-flow\23.0.6\vaadin-ordered-layout-flow-23.0.6.jar;C:\Users\User\.m2\repository\com\vaadin\vaadin-progress-bar-flow\23.0.6\vaadin-progress-bar-flow-23.0.6.jar;C:\Users\User\.m2\repository\com\vaadin\vaadin-radio-button-flow\23.0.6\vaadin-radio-button-flow-23.0.6.jar;C:\Users\User\.m2\repository\com\vaadin\vaadin-renderer-flow\23.0.6\vaadin-renderer-flow-23.0.6.jar;C:\Users\User\.m2\repository\com\vaadin\vaadin-split-layout-flow\23.0.6\vaadin-split-layout-flow-23.0.6.jar;C:\Users\User\.m2\repository\com\vaadin\vaadin-tabs-flow\23.0.6\vaadin-tabs-flow-23.0.6.jar;C:\Users\User\.m2\repository\com\vaadin\vaadin-text-field-flow\23.0.6\vaadin-text-field-flow-23.0.6.jar;C:\Users\User\.m2\repository\com\vaadin\vaadin-upload-flow\23.0.6\vaadin-upload-flow-23.0.6.jar;C:\Users\User\.m2\repository\com\vaadin\vaadin-notification-flow\23.0.6\vaadin-notification-flow-23.0.6.jar;C:\Users\User\.m2\repository\com\vaadin\vaadin-app-layout-flow\23.0.6\vaadin-app-layout-flow-23.0.6.jar;C:\Users\User\.m2\repository\com\vaadin\vaadin-context-menu-flow\23.0.6\vaadin-context-menu-flow-23.0.6.jar;C:\Users\User\.m2\repository\com\vaadin\vaadin-menu-bar-flow\23.0.6\vaadin-menu-bar-flow-23.0.6.jar;C:\Users\User\.m2\repository\org\thymeleaf\extras\thymeleaf-extras-springsecurity5\3.0.4.RELEASE\thymeleaf-extras-springsecurity5-3.0.4.RELEASE.jar;C:\Users\User\.m2\repository\org\slf4j\slf4j-api\1.7.36\slf4j-api-1.7.36.jar;C:\Users\User\.m2\repository\org\springframework\boot\spring-boot-devtools\2.6.6\spring-boot-devtools-2.6.6.jar;C:\Users\User\.m2\repository\org\springframework\boot\spring-boot\2.6.6\spring-boot-2.6.6.jar;C:\Users\User\.m2\repository\org\springframework\boot\spring-boot-autoconfigure\2.6.6\spring-boot-autoconfigure-2.6.6.jar;C:\Users\User\.m2\repository\org\postgresql\postgresql\42.3.3\postgresql-42.3.3.jar;C:\Users\User\.m2\repository\org\checkerframework\checker-qual\3.5.0\checker-qual-3.5.0.jar;C:\Users\User\.m2\repository\jakarta\xml\bind\jakarta.xml.bind-api\2.3.3\jakarta.xml.bind-api-2.3.3.jar;C:\Users\User\.m2\repository\jakarta\activation\jakarta.activation-api\1.2.2\jakarta.activation-api-1.2.2.jar;C:\Users\User\.m2\repository\org\springframework\spring-core\5.3.18\spring-core-5.3.18.jar;C:\Users\User\.m2\repository\org\springframework\spring-jcl\5.3.18\spring-jcl-5.3.18.jar;C:\Users\User\.m2\repository\org\springframework\security\spring-security-core\5.6.2\spring-security-core-5.6.2.jar;C:\Users\User\.m2\repository\org\springframework\security\spring-security-crypto\5.6.2\spring-security-crypto-5.6.2.jar
Launcher Type: SUN_STANDARD

[Global flags]
     intx CICompilerCount                          = 4                                         {product} {ergonomic}
     uint ConcGCThreads                            = 3                                         {product} {ergonomic}
     uint G1ConcRefinementThreads                  = 10                                        {product} {ergonomic}
   size_t G1HeapRegionSize                         = 1048576                                   {product} {ergonomic}
    uintx GCDrainStackTargetSize                   = 64                                        {product} {ergonomic}
   size_t InitialHeapSize                          = 132120576                                 {product} {ergonomic}
     bool ManagementServer                         = true                                      {product} {command line}
   size_t MarkStackSize                            = 4194304                                   {product} {ergonomic}
   size_t MaxHeapSize                              = 2107637760                                {product} {ergonomic}
   size_t MinHeapDeltaBytes                        = 1048576                                   {product} {ergonomic}
   size_t MinHeapSize                              = 8388608                                   {product} {ergonomic}
    uintx NonProfiledCodeHeapSize                  = 0                                      {pd product} {ergonomic}
     bool ProfileInterpreter                       = false                                  {pd product} {command line}
    uintx ProfiledCodeHeapSize                     = 0                                      {pd product} {ergonomic}
   size_t SoftMaxHeapSize                          = 2107637760                             {manageable} {ergonomic}
     intx TieredStopAtLevel                        = 1                                         {product} {command line}
     bool UseCompressedClassPointers               = true                           {product lp64_product} {ergonomic}
     bool UseCompressedOops                        = true                           {product lp64_product} {ergonomic}
     bool UseG1GC                                  = true                                      {product} {ergonomic}
     bool UseLargePagesIndividualAllocation        = false                                  {pd product} {ergonomic}

Logging:
Log output configuration:
 #0: stdout all=warning uptime,level,tags foldmultilines=false
 #1: stderr all=off uptime,level,tags foldmultilines=false

Environment Variables:
PATH=C:\ProgramData\Oracle\Java\javapath;C:\windows\system32;C:\windows;C:\windows\System32\Wbem;C:\windows\System32\WindowsPowerShell\v1.0\;C:\Program Files\Git\cmd;C:\Users\User\AppData\Local\Microsoft\WindowsApps;;C:\Users\User\AppData\Local\JetBrains\IntelliJ IDEA 2022.1\bin;
USERNAME=User
OS=Windows_NT
PROCESSOR_IDENTIFIER=Intel64 Family 6 Model 63 Stepping 2, GenuineIntel



---------------  S Y S T E M  ---------------

OS:
 Windows 10 , 64 bit Build 19041 (10.0.19041.1503)
OS uptime: 0 days 8:36 hours

CPU: total 12 (initial active 12) (6 cores per cpu, 2 threads per core) family 6 model 63 stepping 2 microcode 0x43, cx8, cmov, fxsr, ht, mmx, sse, sse2, sse3, ssse3, sse4.1, sse4.2, popcnt, lzcnt, tsc, tscinvbit, avx, avx2, aes, erms, clmul, bmi1, bmi2, fma, vzeroupper, clflush

Memory: 4k page, system-wide physical 8033M (476M free)
TotalPageFile size 9057M (AvailPageFile size 28M)
current process WorkingSet (physical memory assigned to process): 11M, peak: 11M
current process commit charge ("private bytes"): 59M, peak: 185M

vm_info: OpenJDK 64-Bit Server VM (18+36-2087) for windows-amd64 JRE (18+36-2087), built on Feb 15 2022 09:37:35 by "mach5one" with MS VC++ 16.8 / 16.9 (VS2019)

END.
